[10:56:51] 🔍 Researching viral dark history topic...
[10:56:51] ✅ Topic: The Bloody Doctor's Bag #Shorts
[10:56:51]    Hook: A ship drifts aimlessly. 25 people vanished. On the deck? Bloody bandages.
[10:56:51] 🎙️ Generating voiceover...
[10:56:59] ✅ Voiceover: 32.1s
[10:56:59] 🖼️ Generating images via Imagen 4...
[10:57:08]   ✅ Scene 1
[10:57:14]   ✅ Scene 2
[10:57:22]   ✅ Scene 3
[10:57:30]   ✅ Scene 4
[10:57:30] 📝 Generating captions...
/root/.openclaw/workspace/venv/lib/python3.12/site-packages/whisper/transcribe.py:132: UserWarning: FP16 is not supported on CPU; using FP32 instead
  warnings.warn("FP16 is not supported on CPU; using FP32 instead")
[10:57:56] ✅ 30 caption chunks
[10:57:56] 🎬 Rendering video...
[10:59:00] ✅ Video rendered: /root/.openclaw/workspace/videos/final/obscured_custom_run_3.mp4 (12.8MB)
[10:59:00] 📤 Uploading to YouTube...
[10:59:04] ✅ UPLOADED: https://www.youtube.com/shorts/Ud81HAGjQpM
[10:59:04] 📱 Notifying BOSS...
[10:59:04] 💬 Posting pinned comment...
[10:59:04] ⚠️ Comment failed (non-critical): <HttpError 403 when requesting https://youtube.googleapis.com/youtube/v3/commentThreads?part=snippet&alt=json returned "Request had insufficient authentication scopes.". Details: "[{'message': 'Insufficient Permission', 'domain': 'global', 'reason': 'insufficientPermissions'}]">
[10:59:04] ✅ ALL DONE!

VIDEO_URL=https://www.youtube.com/shorts/Ud81HAGjQpM
[10:59:05] 🔍 Researching viral dark history topic...
[10:59:05] ✅ Topic: The Kaz II Mystery #Shorts
[10:59:05]    Hook: A yacht drifting at sea. Engine running. Laptop open. Everyone gone.
[10:59:05] 🎙️ Generating voiceover...
[10:59:13] ✅ Voiceover: 34.6s
[10:59:13] 🖼️ Generating images via Imagen 4...
[10:59:21]   ✅ Scene 1
[10:59:30]   ✅ Scene 2
[10:59:38]   ✅ Scene 3
[10:59:46]   ✅ Scene 4
[10:59:46] 📝 Generating captions...
/root/.openclaw/workspace/venv/lib/python3.12/site-packages/whisper/transcribe.py:132: UserWarning: FP16 is not supported on CPU; using FP32 instead
  warnings.warn("FP16 is not supported on CPU; using FP32 instead")
[10:59:59] ✅ 36 caption chunks
[10:59:59] 🎬 Rendering video...
[11:01:10] ✅ Video rendered: /root/.openclaw/workspace/videos/final/obscured_custom_run_4.mp4 (9.3MB)
[11:01:10] 📤 Uploading to YouTube...
[11:01:13] ✅ UPLOADED: https://www.youtube.com/shorts/HMgzuDajX1o
[11:01:13] 📱 Notifying BOSS...
[11:01:13] 💬 Posting pinned comment...
[11:01:13] ⚠️ Comment failed (non-critical): <HttpError 403 when requesting https://youtube.googleapis.com/youtube/v3/commentThreads?part=snippet&alt=json returned "Request had insufficient authentication scopes.". Details: "[{'message': 'Insufficient Permission', 'domain': 'global', 'reason': 'insufficientPermissions'}]">
[11:01:13] ✅ ALL DONE!

VIDEO_URL=https://www.youtube.com/shorts/HMgzuDajX1o
Running custom_run_3...
Running custom_run_4...
